<?xml version="1.0" encoding="UTF-8"?>
<testng-results skipped="0" failed="0" ignored="0" total="1" passed="1">
  <reporter-output>
  </reporter-output>
  <suite name="Default suite" duration-ms="15735" started-at="2018-09-14T15:26:35Z" finished-at="2018-09-14T15:26:51Z">
    <groups>
    </groups>
    <test name="Default test" duration-ms="15735" started-at="2018-09-14T15:26:35Z" finished-at="2018-09-14T15:26:51Z">
      <class name="test.NewTest">
        <test-method status="PASS" signature="f()[pri:0, instance:test.NewTest@9a7504c]" name="f" duration-ms="15715" started-at="2018-09-14T15:26:35Z" finished-at="2018-09-14T15:26:51Z">
          <reporter-output>
          </reporter-output>
        </test-method> <!-- f -->
      </class> <!-- test.NewTest -->
    </test> <!-- Default test -->
  </suite> <!-- Default suite -->
</testng-results>
